/cluster/home/bellwu/miniconda3/envs/xenium-env/lib/python3.11/site-packages/anndata/_core/anndata.py:1898: UserWarning: Observation names are not unique. To make them unique, call `.obs_names_make_unique`.
  utils.warn_names_duplicates("obs")
Traceback (most recent call last):
  File "/cluster/home/bellwu/Py_Xenium/analyses/02_xen_qc/scripts/xen_concat_filt.py", line 21, in <module>
    adata = ad.concat(adatas, label='sample')
            ^^^^^^^^^^^^^^^^^^^^^^^^^^^^^^^^^
  File "/cluster/home/bellwu/miniconda3/envs/xenium-env/lib/python3.11/site-packages/anndata/_core/merge.py", line 1255, in concat
    unify_dtypes([getattr(a, dim) for a in adatas]),
    ^^^^^^^^^^^^^^^^^^^^^^^^^^^^^^^^^^^^^^^^^^^^^^^
  File "/cluster/home/bellwu/miniconda3/envs/xenium-env/lib/python3.11/site-packages/anndata/_core/merge.py", line 238, in unify_dtypes
    df[col] = df[col].astype(dtype)
              ^^^^^^^^^^^^^^^^^^^^^
  File "/cluster/home/bellwu/miniconda3/envs/xenium-env/lib/python3.11/site-packages/pandas/core/generic.py", line 6665, in astype
    new_data = self._mgr.astype(dtype=dtype, copy=copy, errors=errors)
               ^^^^^^^^^^^^^^^^^^^^^^^^^^^^^^^^^^^^^^^^^^^^^^^^^^^^^^^
  File "/cluster/home/bellwu/miniconda3/envs/xenium-env/lib/python3.11/site-packages/pandas/core/internals/managers.py", line 449, in astype
    return self.apply(
           ^^^^^^^^^^^
  File "/cluster/home/bellwu/miniconda3/envs/xenium-env/lib/python3.11/site-packages/pandas/core/internals/managers.py", line 363, in apply
    applied = getattr(b, f)(**kwargs)
              ^^^^^^^^^^^^^^^^^^^^^^^
  File "/cluster/home/bellwu/miniconda3/envs/xenium-env/lib/python3.11/site-packages/pandas/core/internals/blocks.py", line 784, in astype
    new_values = astype_array_safe(values, dtype, copy=copy, errors=errors)
                 ^^^^^^^^^^^^^^^^^^^^^^^^^^^^^^^^^^^^^^^^^^^^^^^^^^^^^^^^^^
  File "/cluster/home/bellwu/miniconda3/envs/xenium-env/lib/python3.11/site-packages/pandas/core/dtypes/astype.py", line 231, in astype_array_safe
    dtype = pandas_dtype(dtype)
            ^^^^^^^^^^^^^^^^^^^
  File "/cluster/home/bellwu/miniconda3/envs/xenium-env/lib/python3.11/site-packages/pandas/core/dtypes/common.py", line 1663, in pandas_dtype
    npdtype = np.dtype(dtype)
              ^^^^^^^^^^^^^^^
TypeError: Cannot interpret 'False' as a data type
